#
# A fatal error has been detected by the Java Runtime Environment:
#
#  EXCEPTION_ACCESS_VIOLATION (0xc0000005) at pc=0x5cab3f52, pid=15380, tid=0x00003700
#
# JRE version: Java(TM) SE Runtime Environment (8.0_181-b13) (build 1.8.0_181-b13)
# Java VM: Java HotSpot(TM) Client VM (25.181-b13 mixed mode windows-x86 )
# Problematic frame:
# C  [msctfuimanager.dll+0x13f52]
#
# Failed to write core dump. Minidumps are not enabled by default on client versions of Windows
#
# If you would like to submit a bug report, please visit:
#   http://bugreport.java.com/bugreport/crash.jsp
# The crash happened outside the Java Virtual Machine in native code.
# See problematic frame for where to report the bug.
#

---------------  T H R E A D  ---------------

Current thread (0x1645b000):  JavaThread "AWT-Windows" daemon [_thread_in_native, id=14080, stack(0x168c0000,0x16910000)]

siginfo: ExceptionCode=0xc0000005, reading address 0x0035003d

Registers:
EAX=0x00350031, EBX=0x1a826360, ECX=0x0151b020, EDX=0x1690e764
ESP=0x1690e740, EBP=0x1690e774, ESI=0x00000000, EDI=0x0151b020
EIP=0x5cab3f52, EFLAGS=0x00010246

Top of Stack: (sp=0x1690e740)
0x1690e740:   0151b020 1690e764 0151b020 00000000
0x1690e750:   1a826360 1a844f80 1690e7d0 5cabdef0
0x1690e760:   5cabdf7e 00000000 1690e7d0 72cd7567
0x1690e770:   1690e8d8 1690e8d8 5cab3682 0151b020
0x1690e780:   5caa1090 5caa1260 1a814e68 5caa8a78
0x1690e790:   1690e700 00000000 1690e9d8 1a814e8c
0x1690e7a0:   0151b020 1690ea2c 1690ea1c 00000f65
0x1690e7b0:   00000000 00000008 00000000 00000001 

Instructions: (pc=0x5cab3f52)
0x5cab3f32:   4d 04 56 68 38 54 aa 5c e8 28 85 ff ff e9 cf 00
0x5cab3f42:   00 00 8b 4d 08 8d 55 f0 83 65 f0 00 52 51 8b 01
0x5cab3f52:   8b 70 0c 8b ce ff 15 14 89 ae 5c ff d6 8b f0 85
0x5cab3f62:   f6 79 07 ba ab 09 00 00 eb c5 8d bb fc 00 00 00 


Register to memory mapping:

EAX=0x00350031 is an unknown value
EBX=0x1a826360 is an unknown value
ECX=0x0151b020 is an unknown value
EDX=0x1690e764 is pointing into the stack for thread: 0x1645b000
ESP=0x1690e740 is pointing into the stack for thread: 0x1645b000
EBP=0x1690e774 is pointing into the stack for thread: 0x1645b000
ESI=0x00000000 is an unknown value
EDI=0x0151b020 is an unknown value


Stack: [0x168c0000,0x16910000],  sp=0x1690e740,  free space=313k
Native frames: (J=compiled Java code, j=interpreted, Vv=VM code, C=native code)
C  [msctfuimanager.dll+0x13f52]
C  [msctfuimanager.dll+0x13682]
C  [msctfuimanager.dll+0x143b4]
C  [msctfuimanager.dll+0xe05f]
C  [MSCTF.dll+0xb344f]
C  [MSCTF.dll+0xae4f4]
C  [MSCTF.dll+0xb190c]
C  [MSCTF.dll+0x9cfdc]
C  [MSCTF.dll+0x6f933]
C  [MSCTF.dll+0x9d7fb]
C  [MSCTF.dll+0xb213c]
C  [MSCTF.dll+0xae3e2]
C  [MSCTF.dll+0x1c974]
C  [MSCTF.dll+0x1b31e]
C  [MSCTF.dll+0x5d1ad]
C  [MSCTF.dll+0x16ba3]
C  [MSCTF.dll+0x181d0]
C  [MSCTF.dll+0x1bc1e]
C  [MSCTF.dll+0x1cc37]
C  [MSCTF.dll+0xb532e]
C  [MSCTF.dll+0xb1850]
C  [MSCTF.dll+0x9cfdc]
C  [MSCTF.dll+0x6f962]
C  [MSCTF.dll+0x7a640]
C  [USER32.dll+0x3bf1b]
C  [USER32.dll+0x383ea]
C  [USER32.dll+0x37c9e]
C  [USER32.dll+0x37a80]
C  [awt.dll+0xa71f4]

Java frames: (J=compiled Java code, j=interpreted, Vv=VM code)
j  sun.awt.windows.WToolkit.eventLoop()V+0
j  sun.awt.windows.WToolkit.run()V+58
j  java.lang.Thread.run()V+11
v  ~StubRoutines::call_stub

---------------  P R O C E S S  ---------------

Java Threads: ( => current thread )
  0x176eb800 JavaThread "TimerQueue" daemon [_thread_blocked, id=16028, stack(0x18d20000,0x18d70000)]
  0x02fad400 JavaThread "DestroyJavaVM" [_thread_blocked, id=7676, stack(0x02f00000,0x02f50000)]
  0x1645c400 JavaThread "AWT-EventQueue-0" [_thread_in_native, id=7152, stack(0x16a40000,0x16a90000)]
=>0x1645b000 JavaThread "AWT-Windows" daemon [_thread_in_native, id=14080, stack(0x168c0000,0x16910000)]
  0x1645a800 JavaThread "AWT-Shutdown" [_thread_blocked, id=7528, stack(0x16830000,0x16880000)]
  0x16459c00 JavaThread "Java2D Disposer" daemon [_thread_blocked, id=2576, stack(0x167a0000,0x167f0000)]
  0x15b34800 JavaThread "Service Thread" daemon [_thread_blocked, id=15820, stack(0x16020000,0x16070000)]
  0x15b0d400 JavaThread "C1 CompilerThread0" daemon [_thread_blocked, id=14436, stack(0x15f90000,0x15fe0000)]
  0x15b0c000 JavaThread "Attach Listener" daemon [_thread_blocked, id=4184, stack(0x15f00000,0x15f50000)]
  0x15ad3000 JavaThread "Signal Dispatcher" daemon [_thread_blocked, id=8916, stack(0x15e70000,0x15ec0000)]
  0x15acbc00 JavaThread "Finalizer" daemon [_thread_blocked, id=2384, stack(0x15d80000,0x15dd0000)]
  0x15ab5800 JavaThread "Reference Handler" daemon [_thread_blocked, id=15576, stack(0x15cf0000,0x15d40000)]

Other Threads:
  0x034bdc00 VMThread [stack: 0x15a60000,0x15ab0000] [id=16076]
  0x15b40400 WatcherThread [stack: 0x160b0000,0x16100000] [id=7916]

VM state:not at safepoint (normal execution)

VM Mutex/Monitor currently owned by a thread: None

Heap:
 def new generation   total 69952K, used 68400K [0x05600000, 0x0a1e0000, 0x0ab50000)
  eden space 62208K,  97% used [0x05600000, 0x091689f8, 0x092c0000)
  from space 7744K,  97% used [0x09a50000, 0x0a1b3948, 0x0a1e0000)
  to   space 7744K,   0% used [0x092c0000, 0x092c0000, 0x09a50000)
 tenured generation   total 155288K, used 134120K [0x0ab50000, 0x142f6000, 0x15600000)
   the space 155288K,  86% used [0x0ab50000, 0x12e4a2a8, 0x12e4a400, 0x142f6000)
 Metaspace       used 24820K, capacity 25694K, committed 25856K, reserved 25984K

Card table byte_map: [0x054c0000,0x05550000] byte_map_base: 0x05495000

Polling page: 0x01700000

CodeCache: size=32768Kb used=6599Kb max_used=7011Kb free=26168Kb
 bounds [0x034c0000, 0x03ba8000, 0x054c0000]
 total_blobs=3217 nmethods=2928 adapters=217
 compilation: enabled

Compilation events (10 events):
Event: 54.796 Thread 0x15b0d400 nmethod 4234 0x036afc08 code [0x036afdd0, 0x036b0264]
Event: 54.845 Thread 0x15b0d400 4235             java.awt.image.BufferedImage::getRaster (5 bytes)
Event: 54.845 Thread 0x15b0d400 nmethod 4235 0x036afa48 code [0x036afb40, 0x036afbc0]
Event: 54.846 Thread 0x15b0d400 4236             sun.awt.image.BufImgSurfaceData::createData (845 bytes)
Event: 54.847 Thread 0x15b0d400 nmethod 4236 0x03810248 code [0x03810550, 0x038110d0]
Event: 54.848 Thread 0x15b0d400 4237             sun.awt.image.BufImgSurfaceData::<init> (19 bytes)
Event: 54.848 Thread 0x15b0d400 nmethod 4237 0x03812248 code [0x03812350, 0x0381244c]
Event: 54.848 Thread 0x15b0d400 4239             sun.awt.image.BufImgSurfaceData::initSolidLoops (12 bytes)
Event: 54.848 Thread 0x15b0d400 nmethod 4239 0x03810048 code [0x03810140, 0x038101ec]
Event: 55.227 Thread 0x15b0d400 4240             com.st.microxplorer.plugins.pinoutconfig.gui.FindPanel::buildMatchingPins (351 bytes)

GC Heap History (10 events):
Event: 8.615 GC heap before
{Heap before GC invocations=169 (full 8):
 def new generation   total 69952K, used 69931K [0x05600000, 0x0a1e0000, 0x0ab50000)
  eden space 62208K, 100% used [0x05600000, 0x092c0000, 0x092c0000)
  from space 7744K,  99% used [0x092c0000, 0x09a4aee8, 0x09a50000)
  to   space 7744K,   0% used [0x09a50000, 0x09a50000, 0x0a1e0000)
 tenured generation   total 155288K, used 103032K [0x0ab50000, 0x142f6000, 0x15600000)
   the space 155288K,  66% used [0x0ab50000, 0x10fee280, 0x10fee400, 0x142f6000)
 Metaspace       used 24274K, capacity 25150K, committed 25344K, reserved 25984K
Event: 8.627 GC heap after
Heap after GC invocations=170 (full 8):
 def new generation   total 69952K, used 7744K [0x05600000, 0x0a1e0000, 0x0ab50000)
  eden space 62208K,   0% used [0x05600000, 0x05600000, 0x092c0000)
  from space 7744K, 100% used [0x09a50000, 0x0a1e0000, 0x0a1e0000)
  to   space 7744K,   0% used [0x092c0000, 0x092c0000, 0x09a50000)
 tenured generation   total 155288K, used 112915K [0x0ab50000, 0x142f6000, 0x15600000)
   the space 155288K,  72% used [0x0ab50000, 0x11994dd0, 0x11994e00, 0x142f6000)
 Metaspace       used 24274K, capacity 25150K, committed 25344K, reserved 25984K
}
Event: 8.788 GC heap before
{Heap before GC invocations=170 (full 8):
 def new generation   total 69952K, used 69952K [0x05600000, 0x0a1e0000, 0x0ab50000)
  eden space 62208K, 100% used [0x05600000, 0x092c0000, 0x092c0000)
  from space 7744K, 100% used [0x09a50000, 0x0a1e0000, 0x0a1e0000)
  to   space 7744K,   0% used [0x092c0000, 0x092c0000, 0x09a50000)
 tenured generation   total 155288K, used 112915K [0x0ab50000, 0x142f6000, 0x15600000)
   the space 155288K,  72% used [0x0ab50000, 0x11994dd0, 0x11994e00, 0x142f6000)
 Metaspace       used 24280K, capacity 25150K, committed 25344K, reserved 25984K
Event: 8.797 GC heap after
Heap after GC invocations=171 (full 8):
 def new generation   total 69952K, used 852K [0x05600000, 0x0a1e0000, 0x0ab50000)
  eden space 62208K,   0% used [0x05600000, 0x05600000, 0x092c0000)
  from space 7744K,  11% used [0x092c0000, 0x093953f0, 0x09a50000)
  to   space 7744K,   0% used [0x09a50000, 0x09a50000, 0x0a1e0000)
 tenured generation   total 155288K, used 120528K [0x0ab50000, 0x142f6000, 0x15600000)
   the space 155288K,  77% used [0x0ab50000, 0x121040f0, 0x12104200, 0x142f6000)
 Metaspace       used 24280K, capacity 25150K, committed 25344K, reserved 25984K
}
Event: 9.003 GC heap before
{Heap before GC invocations=171 (full 8):
 def new generation   total 69952K, used 58625K [0x05600000, 0x0a1e0000, 0x0ab50000)
  eden space 62208K,  92% used [0x05600000, 0x08e6b3c8, 0x092c0000)
  from space 7744K,  11% used [0x092c0000, 0x093953f0, 0x09a50000)
  to   space 7744K,   0% used [0x09a50000, 0x09a50000, 0x0a1e0000)
 tenured generation   total 155288K, used 120528K [0x0ab50000, 0x142f6000, 0x15600000)
   the space 155288K,  77% used [0x0ab50000, 0x121040f0, 0x12104200, 0x142f6000)
 Metaspace       used 24457K, capacity 25342K, committed 25472K, reserved 25984K
Event: 9.009 GC heap after
Heap after GC invocations=172 (full 8):
 def new generation   total 69952K, used 5687K [0x05600000, 0x0a1e0000, 0x0ab50000)
  eden space 62208K,   0% used [0x05600000, 0x05600000, 0x092c0000)
  from space 7744K,  73% used [0x09a50000, 0x09fdde88, 0x0a1e0000)
  to   space 7744K,   0% used [0x092c0000, 0x092c0000, 0x09a50000)
 tenured generation   total 155288K, used 120528K [0x0ab50000, 0x142f6000, 0x15600000)
   the space 155288K,  77% used [0x0ab50000, 0x121040f0, 0x12104200, 0x142f6000)
 Metaspace       used 24457K, capacity 25342K, committed 25472K, reserved 25984K
}
Event: 32.563 GC heap before
{Heap before GC invocations=172 (full 8):
 def new generation   total 69952K, used 67895K [0x05600000, 0x0a1e0000, 0x0ab50000)
  eden space 62208K, 100% used [0x05600000, 0x092c0000, 0x092c0000)
  from space 7744K,  73% used [0x09a50000, 0x09fdde88, 0x0a1e0000)
  to   space 7744K,   0% used [0x092c0000, 0x092c0000, 0x09a50000)
 tenured generation   total 155288K, used 120528K [0x0ab50000, 0x142f6000, 0x15600000)
   the space 155288K,  77% used [0x0ab50000, 0x121040f0, 0x12104200, 0x142f6000)
 Metaspace       used 24807K, capacity 25662K, committed 25856K, reserved 25984K
Event: 32.573 GC heap after
Heap after GC invocations=173 (full 8):
 def new generation   total 69952K, used 4409K [0x05600000, 0x0a1e0000, 0x0ab50000)
  eden space 62208K,   0% used [0x05600000, 0x05600000, 0x092c0000)
  from space 7744K,  56% used [0x092c0000, 0x0970e5c8, 0x09a50000)
  to   space 7744K,   0% used [0x09a50000, 0x09a50000, 0x0a1e0000)
 tenured generation   total 155288K, used 133795K [0x0ab50000, 0x142f6000, 0x15600000)
   the space 155288K,  86% used [0x0ab50000, 0x12df8f58, 0x12df9000, 0x142f6000)
 Metaspace       used 24807K, capacity 25662K, committed 25856K, reserved 25984K
}
Event: 44.403 GC heap before
{Heap before GC invocations=173 (full 8):
 def new generation   total 69952K, used 64795K [0x05600000, 0x0a1e0000, 0x0ab50000)
  eden space 62208K,  97% used [0x05600000, 0x090f8960, 0x092c0000)
  from space 7744K,  56% used [0x092c0000, 0x0970e5c8, 0x09a50000)
  to   space 7744K,   0% used [0x09a50000, 0x09a50000, 0x0a1e0000)
 tenured generation   total 155288K, used 133795K [0x0ab50000, 0x142f6000, 0x15600000)
   the space 155288K,  86% used [0x0ab50000, 0x12df8f58, 0x12df9000, 0x142f6000)
 Metaspace       used 24807K, capacity 25662K, committed 25856K, reserved 25984K
Event: 44.407 GC heap after
Heap after GC invocations=174 (full 8):
 def new generation   total 69952K, used 7566K [0x05600000, 0x0a1e0000, 0x0ab50000)
  eden space 62208K,   0% used [0x05600000, 0x05600000, 0x092c0000)
  from space 7744K,  97% used [0x09a50000, 0x0a1b3948, 0x0a1e0000)
  to   space 7744K,   0% used [0x092c0000, 0x092c0000, 0x09a50000)
 tenured generation   total 155288K, used 134120K [0x0ab50000, 0x142f6000, 0x15600000)
   the space 155288K,  86% used [0x0ab50000, 0x12e4a2a8, 0x12e4a400, 0x142f6000)
 Metaspace       used 24807K, capacity 25662K, committed 25856K, reserved 25984K
}

Deoptimization events (0 events):
No events

Classes redefined (0 events):
No events

Internal exceptions (10 events):
Event: 8.834 Thread 0x1645c400 Exception <a 'java/lang/NullPointerException'> (0x06d59990) thrown at [C:\workspace\8-2-build-windows-i586-cygwin\jdk8u181\11358\hotspot\src\share\vm\interpreter\linkResolver.cpp, line 1185]
Event: 8.836 Thread 0x1645c400 Exception <a 'java/lang/NullPointerException'> (0x06e8c088) thrown at [C:\workspace\8-2-build-windows-i586-cygwin\jdk8u181\11358\hotspot\src\share\vm\interpreter\linkResolver.cpp, line 1185]
Event: 8.844 Thread 0x1645c400 Exception <a 'java/lang/NullPointerException'> (0x0725d5f8) thrown at [C:\workspace\8-2-build-windows-i586-cygwin\jdk8u181\11358\hotspot\src\share\vm\interpreter\linkResolver.cpp, line 1185]
Event: 8.856 Thread 0x1645c400 Exception <a 'java/lang/NullPointerException'> (0x07921fd8) thrown at [C:\workspace\8-2-build-windows-i586-cygwin\jdk8u181\11358\hotspot\src\share\vm\interpreter\linkResolver.cpp, line 1185]
Event: 8.857 Thread 0x1645c400 Exception <a 'java/lang/NullPointerException'> (0x079942f0) thrown at [C:\workspace\8-2-build-windows-i586-cygwin\jdk8u181\11358\hotspot\src\share\vm\interpreter\linkResolver.cpp, line 1185]
Event: 8.858 Thread 0x1645c400 Exception <a 'java/lang/NullPointerException'> (0x07a1cc90) thrown at [C:\workspace\8-2-build-windows-i586-cygwin\jdk8u181\11358\hotspot\src\share\vm\interpreter\linkResolver.cpp, line 1185]
Event: 8.860 Thread 0x1645c400 Exception <a 'java/lang/NullPointerException'> (0x07b0d5b8) thrown at [C:\workspace\8-2-build-windows-i586-cygwin\jdk8u181\11358\hotspot\src\share\vm\interpreter\linkResolver.cpp, line 1185]
Event: 8.868 Thread 0x1645c400 Exception <a 'java/lang/NullPointerException'> (0x0801e600) thrown at [C:\workspace\8-2-build-windows-i586-cygwin\jdk8u181\11358\hotspot\src\share\vm\interpreter\linkResolver.cpp, line 1185]
Event: 8.872 Thread 0x1645c400 Exception <a 'java/lang/NullPointerException'> (0x082eadb0) thrown at [C:\workspace\8-2-build-windows-i586-cygwin\jdk8u181\11358\hotspot\src\share\vm\interpreter\linkResolver.cpp, line 1185]
Event: 8.872 Thread 0x1645c400 Exception <a 'java/lang/NullPointerException'> (0x082eb3b0) thrown at [C:\workspace\8-2-build-windows-i586-cygwin\jdk8u181\11358\hotspot\src\share\vm\interpreter\linkResolver.cpp, line 1185]

Events (10 events):
Event: 54.845 Thread 0x15b0d400 flushing nmethod 0x0380f808
Event: 54.845 Thread 0x15b0d400 flushing nmethod 0x03811a88
Event: 54.845 Thread 0x15b0d400 flushing nmethod 0x03812208
Event: 54.845 Thread 0x15b0d400 flushing nmethod 0x038123c8
Event: 55.222 Executing VM operation: RevokeBias
Event: 55.222 Executing VM operation: RevokeBias done
Event: 55.222 Executing VM operation: RevokeBias
Event: 55.222 Executing VM operation: RevokeBias done
Event: 55.222 Executing VM operation: RevokeBias
Event: 55.222 Executing VM operation: RevokeBias done


Dynamic libraries:
0x00ea0000 - 0x00ed3000 	C:\Program Files (x86)\Java\jre1.8.0_181\bin\javaw.exe
0x77a40000 - 0x77bd0000 	C:\WINDOWS\SYSTEM32\ntdll.dll
0x746c0000 - 0x747a0000 	C:\WINDOWS\System32\KERNEL32.DLL
0x744d0000 - 0x746b4000 	C:\WINDOWS\System32\KERNELBASE.dll
0x77780000 - 0x777f8000 	C:\WINDOWS\System32\ADVAPI32.dll
0x752e0000 - 0x7539f000 	C:\WINDOWS\System32\msvcrt.dll
0x753a0000 - 0x753e4000 	C:\WINDOWS\System32\sechost.dll
0x747a0000 - 0x74860000 	C:\WINDOWS\System32\RPCRT4.dll
0x74300000 - 0x74320000 	C:\WINDOWS\System32\SspiCli.dll
0x742f0000 - 0x742fa000 	C:\WINDOWS\System32\CRYPTBASE.dll
0x74860000 - 0x748b8000 	C:\WINDOWS\System32\bcryptPrimitives.dll
0x77310000 - 0x7749d000 	C:\WINDOWS\System32\USER32.dll
0x76e20000 - 0x76e37000 	C:\WINDOWS\System32\win32u.dll
0x774a0000 - 0x774c2000 	C:\WINDOWS\System32\GDI32.dll
0x775f0000 - 0x77754000 	C:\WINDOWS\System32\gdi32full.dll
0x767a0000 - 0x7681d000 	C:\WINDOWS\System32\msvcp_win.dll
0x774d0000 - 0x775ed000 	C:\WINDOWS\System32\ucrtbase.dll
0x6a590000 - 0x6a794000 	C:\WINDOWS\WinSxS\x86_microsoft.windows.common-controls_6595b64144ccf1df_6.0.17134.706_none_42f0d9a244e0990d\COMCTL32.dll
0x76ed0000 - 0x7712c000 	C:\WINDOWS\System32\combase.dll
0x76de0000 - 0x76e06000 	C:\WINDOWS\System32\IMM32.DLL
0x501d0000 - 0x5028f000 	C:\Program Files (x86)\Java\jre1.8.0_181\bin\msvcr100.dll
0x6cab0000 - 0x6ce83000 	C:\Program Files (x86)\Java\jre1.8.0_181\bin\client\jvm.dll
0x77300000 - 0x77306000 	C:\WINDOWS\System32\PSAPI.DLL
0x61e80000 - 0x61e88000 	C:\WINDOWS\SYSTEM32\WSOCK32.dll
0x71420000 - 0x71444000 	C:\WINDOWS\SYSTEM32\WINMM.dll
0x742e0000 - 0x742e8000 	C:\WINDOWS\SYSTEM32\VERSION.dll
0x74b10000 - 0x74b77000 	C:\WINDOWS\System32\WS2_32.dll
0x70010000 - 0x70033000 	C:\WINDOWS\SYSTEM32\winmmbase.dll
0x77850000 - 0x77889000 	C:\WINDOWS\System32\cfgmgr32.dll
0x516e0000 - 0x516ec000 	C:\Program Files (x86)\Java\jre1.8.0_181\bin\verify.dll
0x501a0000 - 0x501c2000 	C:\Program Files (x86)\Java\jre1.8.0_181\bin\java.dll
0x50180000 - 0x50194000 	C:\Program Files (x86)\Java\jre1.8.0_181\bin\zip.dll
0x753f0000 - 0x7673a000 	C:\WINDOWS\System32\SHELL32.dll
0x76e40000 - 0x76ec8000 	C:\WINDOWS\System32\shcore.dll
0x76820000 - 0x76dda000 	C:\WINDOWS\System32\windows.storage.dll
0x74ba0000 - 0x74be5000 	C:\WINDOWS\System32\shlwapi.dll
0x778e0000 - 0x778ef000 	C:\WINDOWS\System32\kernel.appcore.dll
0x74c90000 - 0x74ca8000 	C:\WINDOWS\System32\profapi.dll
0x77890000 - 0x778d5000 	C:\WINDOWS\System32\powrprof.dll
0x76e10000 - 0x76e18000 	C:\WINDOWS\System32\FLTLIB.DLL
0x50170000 - 0x5017a000 	C:\Program Files (x86)\Java\jre1.8.0_181\bin\management.dll
0x50020000 - 0x50167000 	C:\Program Files (x86)\Java\jre1.8.0_181\bin\awt.dll
0x74bf0000 - 0x74c86000 	C:\WINDOWS\System32\OLEAUT32.dll
0x66ff0000 - 0x6708d000 	C:\WINDOWS\SYSTEM32\apphelp.dll
0x6f050000 - 0x6f0cc000 	C:\WINDOWS\system32\uxtheme.dll
0x749c0000 - 0x74b03000 	C:\WINDOWS\System32\MSCTF.dll
0x6f020000 - 0x6f043000 	C:\WINDOWS\system32\dwmapi.dll
0x748c0000 - 0x749bc000 	C:\WINDOWS\System32\ole32.dll
0x56b90000 - 0x56c69000 	C:\WINDOWS\system32\opengl32.dll
0x56b50000 - 0x56b8f000 	C:\WINDOWS\SYSTEM32\GLU32.dll
0x77c20000 - 0x77c59000 	C:\Program Files (x86)\Java\jre1.8.0_181\bin\fontmanager.dll
0x50000000 - 0x50015000 	C:\Program Files (x86)\Java\jre1.8.0_181\bin\net.dll
0x72e70000 - 0x72ec6000 	C:\WINDOWS\system32\mswsock.dll
0x77c10000 - 0x77c1f000 	C:\Program Files (x86)\Java\jre1.8.0_181\bin\nio.dll
0x73770000 - 0x73783000 	C:\WINDOWS\SYSTEM32\CRYPTSP.dll
0x73720000 - 0x7374f000 	C:\WINDOWS\system32\rsaenh.dll
0x73a30000 - 0x73a49000 	C:\WINDOWS\SYSTEM32\bcrypt.dll
0x74170000 - 0x74191000 	C:\WINDOWS\SYSTEM32\USERENV.dll
0x73a90000 - 0x73ac0000 	C:\WINDOWS\SYSTEM32\IPHLPAPI.DLL
0x74b90000 - 0x74b97000 	C:\WINDOWS\System32\NSI.dll
0x6f320000 - 0x6f333000 	C:\WINDOWS\SYSTEM32\dhcpcsvc6.DLL
0x72ee0000 - 0x72ef4000 	C:\WINDOWS\SYSTEM32\dhcpcsvc.DLL
0x77bd0000 - 0x77c02000 	C:\Program Files (x86)\Java\jre1.8.0_181\bin\t2k.dll
0x6fd40000 - 0x6fd60000 	C:\Program Files (x86)\Java\jre1.8.0_181\bin\sunec.dll
0x6f9d0000 - 0x6f9f6000 	C:\Program Files (x86)\Java\jre1.8.0_181\bin\jpeg.dll
0x74cb0000 - 0x74d33000 	C:\WINDOWS\System32\clbcatq.dll
0x619b0000 - 0x61b21000 	C:\WINDOWS\SYSTEM32\WindowsCodecs.dll
0x67fa0000 - 0x67fef000 	C:\WINDOWS\system32\dataexchange.dll
0x67c00000 - 0x67d3c000 	C:\WINDOWS\system32\dcomp.dll
0x67d40000 - 0x67f92000 	C:\WINDOWS\system32\d3d11.dll
0x67b60000 - 0x67bf8000 	C:\WINDOWS\system32\dxgi.dll
0x679f0000 - 0x67b55000 	C:\WINDOWS\system32\twinapi.appcore.dll
0x679c0000 - 0x679e1000 	C:\WINDOWS\system32\RMCLIENT.dll
0x6a330000 - 0x6a3ad000 	C:\WINDOWS\System32\TextInputFramework.dll
0x6a240000 - 0x6a2cb000 	C:\WINDOWS\System32\CoreMessaging.dll
0x610f0000 - 0x6134d000 	C:\WINDOWS\System32\CoreUIComponents.dll
0x73950000 - 0x73979000 	C:\WINDOWS\SYSTEM32\ntmarta.dll
0x6ede0000 - 0x6eeb6000 	C:\WINDOWS\SYSTEM32\wintypes.dll
0x70480000 - 0x70489000 	C:\Program Files (x86)\Java\jre1.8.0_181\bin\sunmscapi.dll
0x74320000 - 0x744b6000 	C:\WINDOWS\System32\CRYPT32.dll
0x744c0000 - 0x744ce000 	C:\WINDOWS\System32\MSASN1.dll
0x72de0000 - 0x72e6e000 	C:\WINDOWS\SYSTEM32\DNSAPI.dll
0x72dd0000 - 0x72dd8000 	C:\Program Files (x86)\National Instruments\Shared\mDNS Responder\nimdnsNSP.dll
0x72dc0000 - 0x72dcd000 	C:\WINDOWS\SYSTEM32\nimdnsResponder.dll
0x19020000 - 0x19034000 	C:\Program Files (x86)\Java\jre1.8.0_181\bin\VCRUNTIME140.dll
0x72d50000 - 0x72d71000 	C:\Program Files (x86)\Bonjour\mdnsNSP.dll
0x72d40000 - 0x72d48000 	C:\Windows\System32\rasadhlp.dll
0x72a60000 - 0x72aaf000 	C:\WINDOWS\System32\fwpuclnt.dll
0x74020000 - 0x740af000 	C:\WINDOWS\WinSxS\x86_microsoft.windows.common-controls_6595b64144ccf1df_5.82.17134.706_none_40fb64164515a358\comctl32.dll
0x6c7f0000 - 0x6c814000 	C:\Program Files (x86)\Java\jre1.8.0_181\bin\dcpr.dll
0x5caa0000 - 0x5cb7f000 	C:\WINDOWS\system32\msctfuimanager.dll
0x5c700000 - 0x5c86b000 	C:\WINDOWS\system32\DUI70.dll
0x5c680000 - 0x5c6fb000 	C:\WINDOWS\system32\DUser.dll
0x5c870000 - 0x5ca0f000 	C:\WINDOWS\SYSTEM32\UIAutomationCore.dll
0x60720000 - 0x607a6000 	C:\WINDOWS\SYSTEM32\sxs.dll
0x5c630000 - 0x5c671000 	C:\WINDOWS\System32\UIAnimation.dll
0x6f250000 - 0x6f2a6000 	C:\Windows\System32\oleacc.dll
0x64f30000 - 0x651b8000 	C:\WINDOWS\system32\dwrite.dll
0x651c0000 - 0x65746000 	C:\WINDOWS\SYSTEM32\D3D10Warp.dll
0x524f0000 - 0x5256e000 	C:\WINDOWS\system32\directmanipulation.dll
0x6a530000 - 0x6a560000 	C:\WINDOWS\system32\xmllite.dll
0x73310000 - 0x73492000 	C:\WINDOWS\SYSTEM32\dbghelp.dll

VM Arguments:
java_command: com.st.microxplorer.maingui.STM32CubeMX F:\交大\robomaster\校队\RM_frame - 英雄1.9\RM_frame.ioc
java_class_path (initial): D:\Stm32Cube\STM32CubeMX.exe;anything
Launcher Type: SUN_STANDARD

Environment Variables:
PATH=D:\Stm32Cube\;C:\Program Files (x86)\Common Files\Oracle\Java\javapath;C:\MinGW\mingw32\bin;C:\Program Files (x86)\Intel\iCLS Client\;C:\Program Files\Intel\iCLS Client\;C:\Windows\system32;C:\Windows;C:\Windows\System32\Wbem;C:\Windows\System32\WindowsPowerShell\v1.0\;C:\Program Files (x86)\NVIDIA Corporation\PhysX\Common;C:\Program Files (x86)\Intel\Intel(R) Management Engine Components\DAL;C:\Program Files\Intel\Intel(R) Management Engine Components\DAL;C:\Program Files (x86)\Intel\Intel(R) Management Engine Components\IPT;C:\Program Files\Intel\Intel(R) Management Engine Components\IPT;C:\WINDOWS\system32;C:\WINDOWS;C:\WINDOWS\System32\Wbem;C:\WINDOWS\System32\WindowsPowerShell\v1.0\;C:\WINDOWS\System32\OpenSSH\;C:\Program Files\Intel\WiFi\bin\;C:\Program Files\Common Files\Intel\WirelessCommon\;D:\matlab\bin;C:\Program Files\Microsoft SQL Server\Client SDK\ODBC\110\Tools\Binn\;C:\Program Files (x86)\Microsoft SQL Server\120\Tools\Binn\;C:\Program Files\Microsoft SQL Server\120\Tools\Binn\;C:\Program Files\Microsoft SQL Server\120\DTS\Binn\;C:\Program Files (x86)\Windows Kits\8.1\Windows Performance Toolkit\;C:\Program Files\dotnet\;C:\Users\ThinkPad\AppData\Local\Microsoft\WindowsApps;C:\Users\ThinkPad\AppData\Local\GitHubDesktop\bin;C:\Program Files (x86)\Java\jre1.8.0_181\bin
USERNAME=ThinkPad
OS=Windows_NT
PROCESSOR_IDENTIFIER=Intel64 Family 6 Model 158 Stepping 9, GenuineIntel



---------------  S Y S T E M  ---------------

OS: Windows 10.0 , 64 bit Build 17134 (10.0.17134.706)

CPU:total 8 (initial active 8) (4 cores per cpu, 2 threads per core) family 6 model 158 stepping 9, cmov, cx8, fxsr, mmx, sse, sse2, sse3, ssse3, sse4.1, sse4.2, popcnt, avx, avx2, aes, clmul, erms, 3dnowpref, lzcnt, ht, tsc, tscinvbit, bmi1, bmi2, adx

Memory: 4k page, physical 33386944k(27517972k free), swap 38367680k(32255744k free)

vm_info: Java HotSpot(TM) Client VM (25.181-b13) for windows-x86 JRE (1.8.0_181-b13), built on Jul  7 2018 03:18:20 by "java_re" with MS VC++ 10.0 (VS2010)

time: Thu Apr 18 19:47:46 2019
elapsed time: 55 seconds (0d 0h 0m 55s)

